Running: /opt/Xilinx/14.7/ISE_DS/ISE/bin/lin64/unwrapped/fuse -relaunch -intstyle "ise" -incremental -lib "unisims_ver" -lib "unimacro_ver" -lib "xilinxcorelib_ver" -lib "secureip" -o "/media/shared/co_file/p4/version2/MIPS-CPU/mips_tb_isim_beh.exe" -prj "/media/shared/co_file/p4/version2/MIPS-CPU/mips_tb_beh.prj" "work.mips_tb" "work.glbl" 
ISim P.20131013 (signature 0xfbc00daa)
Number of CPUs detected in this system: 1
Turning on mult-threading, number of parallel sub-compilation jobs: 0 
Determining compilation order of HDL files
Analyzing Verilog file "/media/shared/co_file/p4/version2/MIPS-CPU/mipsV2/RF.v" into library work
Analyzing Verilog file "/media/shared/co_file/p4/version2/MIPS-CPU/mipsV2/PC.v" into library work
Analyzing Verilog file "/media/shared/co_file/p4/version2/MIPS-CPU/mipsV2/NPC.v" into library work
Analyzing Verilog file "/media/shared/co_file/p4/version2/MIPS-CPU/mipsV2/MUX.v" into library work
Analyzing Verilog file "/media/shared/co_file/p4/version2/MIPS-CPU/mipsV2/InstructionSplitter.v" into library work
Analyzing Verilog file "/media/shared/co_file/p4/version2/MIPS-CPU/mipsV2/IM.v" into library work
Analyzing Verilog file "/media/shared/co_file/p4/version2/MIPS-CPU/mipsV2/EXT.v" into library work
Analyzing Verilog file "/media/shared/co_file/p4/version2/MIPS-CPU/mipsV2/DM.v" into library work
Analyzing Verilog file "/media/shared/co_file/p4/version2/MIPS-CPU/mipsV2/ctrl.v" into library work
Analyzing Verilog file "/media/shared/co_file/p4/version2/MIPS-CPU/mipsV2/ALU.v" into library work
Analyzing Verilog file "/media/shared/co_file/p4/version2/MIPS-CPU/mipsV2/mips.v" into library work
Analyzing Verilog file "/media/shared/co_file/p4/version2/MIPS-CPU/TestBench/mips_tb.v" into library work
Analyzing Verilog file "/opt/Xilinx/14.7/ISE_DS/ISE//verilog/src/glbl.v" into library work
Starting static elaboration
WARNING:HDLCompiler:1016 - "/media/shared/co_file/p4/version2/MIPS-CPU/mipsV2/mips.v" Line 84: Port in3 is not connected to this instance
WARNING:HDLCompiler:1016 - "/media/shared/co_file/p4/version2/MIPS-CPU/mipsV2/mips.v" Line 92: Port in3 is not connected to this instance
Completed static elaboration
Fuse Memory Usage: 82856 KB
Fuse CPU Usage: 420 ms
Compiling module PC
Compiling module MUX2to1_26
Compiling module NPC
Compiling module IM
Compiling module InstructionSplitter
Compiling module MUX4to1_5
Compiling module MUX4to1
Compiling module RF
Compiling module EXT
Compiling module MUX2to1
Compiling module ALU
Compiling module DM
Compiling module ctrl
Compiling module mips
Compiling module mips_tb
Compiling module glbl
Time Resolution for simulation is 1ps.
Compiled 16 Verilog Units
Built simulation executable /media/shared/co_file/p4/version2/MIPS-CPU/mips_tb_isim_beh.exe
Fuse Memory Usage: 86564 KB
Fuse CPU Usage: 600 ms
GCC CPU Usage: 130 ms
