ISim log file
Running: /media/shared/co_file/p4/version2/MIPS-CPU/mips_tb_isim_beh.exe -intstyle ise -gui -tclbatch isim.cmd -wdb /media/shared/co_file/p4/version2/MIPS-CPU/mips_tb_isim_beh.wdb 
ISim P.20131013 (signature 0xfbc00daa)
This is a Full version of ISim.
Time resolution is 1 ps
# onerror resume
# wave add /
# run 1000 ns
Simulator is doing circuit initialization process.
Finished circuit initialization process.
ISim P.20131013 (signature 0xfbc00daa)
This is a Full version of ISim.
# run 1000 ns
Simulator is doing circuit initialization process.
Finished circuit initialization process.
@00003000: $29 <= 000022fc
@00003004: $28 <= 00001800
@00003008: $31 <= 00003000
@00003010: $ 3 <= 000000ee
@00003014: $24 <= 00000000
@0000301c: $13 <= 00000080
@00003020: $15 <= 00000000
@000031dc: $25 <= ffffff80
@000031e8: *00000018 <= 00000000
@000031ec: $13 <= 00000080
@000031f0: $ 8 <= ffffff80
@000031f4: $ 1 <= 000000fc
@000031f8: $14 <= 00000000
@00003204: $10 <= 000000a0
@00003208: *000000a8 <= 00000000
@00003210: $11 <= 000001d4
@00003214: $22 <= 00000000
@00003218: $ 4 <= 000000ec
@0000321c: *00000114 <= 00000000
@00003220: $29 <= 00000148
@00003224: *00000150 <= 00000000
@00003228: $ 4 <= 00000080
@00003230: $30 <= 000001d0
@00003234: *000001e0 <= 00000000
@00003238: $12 <= 000046e6
ISim P.20131013 (signature 0xfbc00daa)
This is a Full version of ISim.
# run 1000 ns
Simulator is doing circuit initialization process.
Finished circuit initialization process.
@00003000: $29 <= 000022fc
@00003004: $28 <= 00001800
@00003008: $31 <= 00003000
@00003010: $ 3 <= 000000ee
@00003014: $24 <= 00000000
@0000301c: $13 <= 00000080
@00003020: $15 <= 00000000
@000031dc: $25 <= ffffff80
@000031e8: *00000018 <= 00000000
@000031ec: $13 <= 00000080
@000031f0: $ 8 <= ffffff80
@000031f4: $ 1 <= 000000fc
@000031f8: $14 <= 00000000
@00003204: $10 <= 000000a0
@00003208: *000000a8 <= 00000000
@00003210: $11 <= 000001d4
@00003214: $22 <= 00000000
@00003218: $ 4 <= 000000ec
@0000321c: *00000114 <= 00000000
@00003220: $29 <= 00000148
@00003224: *00000150 <= 00000000
@00003228: $ 4 <= 00000080
@00003230: $30 <= 000001d0
@00003234: *000001e0 <= 00000000
@00003238: $12 <= 000046e6
ISim P.20131013 (signature 0xfbc00daa)
This is a Full version of ISim.
# run 1000 ns
Simulator is doing circuit initialization process.
Finished circuit initialization process.
@00003000: $ 8 <= 00000012
@00003004: *00000000 <= 00120000
ISim P.20131013 (signature 0xfbc00daa)
This is a Full version of ISim.
# run 1000 ns
Simulator is doing circuit initialization process.
Finished circuit initialization process.
@00003000: $29 <= 000022fc
@00003004: $28 <= 00001800
@00003008: $31 <= 00003000
@0000300c: $10 <= 000001ac
@00003010: *000001ac <= 00000000
@00003018: $ 8 <= 0000007a
@0000301c: $25 <= 00000000
@00003020: $17 <= 00000138
@00003024: *0000014c <= 00000000
@0000302c: $19 <= 00000000
@00003030: $ 3 <= 00001800
@00003034: $ 7 <= 0000007e
@00003038: *00000084 <= 00000000
@0000303c: $ 7 <= 00000000
@0000304c: $ 1 <= a9050000
@00003058: $ 3 <= 000000fc
@0000305c: *00000104 <= 00000000
@00003060: $ 5 <= 0000797e
@00003068: $13 <= be410000
@0000306c: $21 <= fffffe54
@0000307c: $23 <= 000001ec
@00003080: *00000200 <= 00000000
@00003084: $28 <= 000000ae
@00003088: *000000b4 <= 00000000
@0000308c: $16 <= 00000096
@00003090: $20 <= 00000000
@000030a0: $17 <= a905c92a
@000030a8: $31 <= 000030ac
@0000312c: $19 <= fffffe8e
@000031c0: $12 <= 000000b0
@000031c4: *000000d8 <= 00000000
@000031c8: $29 <= 00007b7e
@000031d0: $26 <= 0000003e
@000031d4: *00000048 <= 000000ae
@000031d8: $17 <= 00000000
@000031dc: $ 1 <= 00000000
@000031e0: $19 <= 00000034
@000031e4: *0000003c <= 00ae0000
@000031ec: $15 <= 0000005c
@000031f0: $ 4 <= 00000000
@000031f4: $27 <= 00000040
@000031f8: *00000040 <= 000000b0
ISim P.20131013 (signature 0xfbc00daa)
This is a Full version of ISim.
# run 1000 ns
Simulator is doing circuit initialization process.
Finished circuit initialization process.
@00003000: $29 <= 000022fc
@00003004: $28 <= 00001800
@00003008: $31 <= 00003000
@0000300c: $15 <= 000001e4
@00003010: $17 <= 00000000
@00003014: $ 7 <= 0f8f0000
@00003018: $ 1 <= 26a10000
@0000301c: $16 <= 0000015c
@00003020: *00000178 <= 00000000
@00003024: $11 <= 00000000
@000033cc: $31 <= 000033d0
@00003430: $14 <= 000000c0
@00003434: *000000cc <= 00000000
@00003438: $25 <= 00000092
@0000343c: $23 <= 00000000
@00003440: $19 <= 00000000
@00003444: $31 <= 00003448
@00003450: $19 <= 00000000
ISim P.20131013 (signature 0xfbc00daa)
This is a Full version of ISim.
# run 1000 ns
Simulator is doing circuit initialization process.
Finished circuit initialization process.
@00003000: $29 <= 000022fc
@00003004: $28 <= 00001800
@00003008: $31 <= 00003000
@0000300c: $ 7 <= 00000000
@00003010: $13 <= 0000010c
@00003014: *00000120 <= 00000000
@00003018: $19 <= 00000000
@00003020: $26 <= 00000046
@00003024: $17 <= 00000000
@00003028: $ 6 <= e7ca0000
@0000302c: $ 4 <= 00003b2b
@00003030: $ 5 <= 00000034
@00003034: $13 <= 00000000
@00003038: $21 <= 00000000
@0000303c: $31 <= 00003040
@000031f0: $12 <= 00000000
@000031f8: $29 <= 18360000
@000031fc: $ 6 <= 000087f9
@00003214: $21 <= 000000b0
@00003218: $ 7 <= 00000000
@0000321c: $ 1 <= 00000000
@00003220: $ 4 <= 0000f99a
@00003224: $11 <= 0000817f
@00003228: $28 <= 770e0000
@00003230: $28 <= 0000007c
@00003234: *00000098 <= 00000000
@00003238: $23 <= 000000f4
@0000323c: *000000f8 <= 00000000
@00003240: $21 <= 000000ac
@00003244: *000000b4 <= 00000000
@00003248: $ 9 <= 0000014c
@0000324c: *0000014c <= 00000000
@00003250: $ 5 <= 000001cc
@00003254: *000001f4 <= 000000f4
@00003258: $23 <= 000000c4
@0000325c: *000000d0 <= 00000000
@00003280: $20 <= a5750000
@00003284: $12 <= 00000000
@0000328c: $ 2 <= 000001dc
@00003290: $28 <= 00000000
@00003294: $27 <= 000087f9
@00003298: $28 <= 00000000
@0000329c: $28 <= 000000a8
@000032a0: $ 6 <= 00000000
@00003408: $14 <= 00000068
@0000340c: $16 <= 00000000
@00003410: $24 <= 000001a4
@00003414: *000001b4 <= 00000000
@0000341c: $ 5 <= a574ff58
@00003420: $29 <= f7bd0000
@00003428: $ 5 <= 6a230000
@0000342c: $13 <= 00009742
@00003430: $17 <= 0000fa42
@00003434: $15 <= 00000000
@0000343c: $25 <= 00009742
@00003440: $11 <= 00009bc4
@00003444: $22 <= 0000c87d
ISim P.20131013 (signature 0xfbc00daa)
This is a Full version of ISim.
# run 1000 ns
Simulator is doing circuit initialization process.
Finished circuit initialization process.
@00003000: $ 2 <= xxxxxxxx
ISim P.20131013 (signature 0xfbc00daa)
This is a Full version of ISim.
# run 1000 ns
Simulator is doing circuit initialization process.
Finished circuit initialization process.
@00003000: $ 2 <= xxxxxxxx
ISim P.20131013 (signature 0xfbc00daa)
This is a Full version of ISim.
# run 1000 ns
Simulator is doing circuit initialization process.
Finished circuit initialization process.
@00003000: $ 2 <= xxxxxxxx
ISim P.20131013 (signature 0xfbc00daa)
This is a Full version of ISim.
# run 1000 ns
Simulator is doing circuit initialization process.
Finished circuit initialization process.
@00003000: $ 2 <= xxxxxxxx
ISim P.20131013 (signature 0xfbc00daa)
This is a Full version of ISim.
# run 1000 ns
Simulator is doing circuit initialization process.
Finished circuit initialization process.
@00003000: $ 2 <= X0000000
ISim P.20131013 (signature 0xfbc00daa)
This is a Full version of ISim.
# run 1000 ns
Simulator is doing circuit initialization process.
Finished circuit initialization process.
@00003000: $ 2 <= 30000000
ISim P.20131013 (signature 0xfbc00daa)
This is a Full version of ISim.
# run 1000 ns
Simulator is doing circuit initialization process.
Finished circuit initialization process.
@00003000: $ 2 <= 30000000
ISim P.20131013 (signature 0xfbc00daa)
This is a Full version of ISim.
# run 1000 ns
Simulator is doing circuit initialization process.
Finished circuit initialization process.
@00003000: $ 2 <= 0f000000
