Release 14.7 - xst P.20131013 (lin64)
Copyright (c) 1995-2013 Xilinx, Inc.  All rights reserved.
--> 
Parameter TMPDIR set to xst/projnav.tmp


Total REAL time to Xst completion: 0.00 secs
Total CPU time to Xst completion: 0.02 secs
 
--> 
Parameter xsthdpdir set to xst


Total REAL time to Xst completion: 0.00 secs
Total CPU time to Xst completion: 0.02 secs
 
--> 
Reading design: BlockChecker.prj

TABLE OF CONTENTS
  1) Synthesis Options Summary
  2) HDL Parsing
  3) HDL Elaboration
  4) HDL Synthesis
       4.1) HDL Synthesis Report
  5) Advanced HDL Synthesis
       5.1) Advanced HDL Synthesis Report
  6) Low Level Synthesis
  7) Partition Report
  8) Design Summary
       8.1) Primitive and Black Box Usage
       8.2) Device utilization summary
       8.3) Partition Resource Summary
       8.4) Timing Report
            8.4.1) Clock Information
            8.4.2) Asynchronous Control Signals Information
            8.4.3) Timing Summary
            8.4.4) Timing Details
            8.4.5) Cross Clock Domains Report


=========================================================================
*                      Synthesis Options Summary                        *
=========================================================================
---- Source Parameters
Input File Name                    : "BlockChecker.prj"
Ignore Synthesis Constraint File   : NO

---- Target Parameters
Output File Name                   : "BlockChecker"
Output Format                      : NGC
Target Device                      : xc6slx100-2-fgg676

---- Source Options
Top Module Name                    : BlockChecker
Automatic FSM Extraction           : YES
FSM Encoding Algorithm             : Auto
Safe Implementation                : No
FSM Style                          : LUT
RAM Extraction                     : Yes
RAM Style                          : Auto
ROM Extraction                     : Yes
Shift Register Extraction          : YES
ROM Style                          : Auto
Resource Sharing                   : YES
Asynchronous To Synchronous        : NO
Shift Register Minimum Size        : 2
Use DSP Block                      : Auto
Automatic Register Balancing       : No

---- Target Options
LUT Combining                      : Auto
Reduce Control Sets                : Auto
Add IO Buffers                     : YES
Global Maximum Fanout              : 100000
Add Generic Clock Buffer(BUFG)     : 16
Register Duplication               : YES
Optimize Instantiated Primitives   : NO
Use Clock Enable                   : Auto
Use Synchronous Set                : Auto
Use Synchronous Reset              : Auto
Pack IO Registers into IOBs        : Auto
Equivalent register Removal        : YES

---- General Options
Optimization Goal                  : Speed
Optimization Effort                : 1
Power Reduction                    : NO
Keep Hierarchy                     : No
Netlist Hierarchy                  : As_Optimized
RTL Output                         : Yes
Global Optimization                : AllClockNets
Read Cores                         : YES
Write Timing Constraints           : NO
Cross Clock Analysis               : NO
Hierarchy Separator                : /
Bus Delimiter                      : <>
Case Specifier                     : Maintain
Slice Utilization Ratio            : 100
BRAM Utilization Ratio             : 100
DSP48 Utilization Ratio            : 100
Auto BRAM Packing                  : NO
Slice Utilization Ratio Delta      : 5

=========================================================================


=========================================================================
*                          HDL Parsing                                  *
=========================================================================
Analyzing Verilog file "/media/shared/p1/6_BlockChecker/BlockChecker/BlockChecker.v" into library work
Parsing module <BlockChecker>.

=========================================================================
*                            HDL Elaboration                            *
=========================================================================

Elaborating module <BlockChecker>.
WARNING:HDLCompiler:413 - "/media/shared/p1/6_BlockChecker/BlockChecker/BlockChecker.v" Line 38: Result of 32-bit expression is truncated to fit in 1-bit target.

=========================================================================
*                           HDL Synthesis                               *
=========================================================================

Synthesizing Unit <BlockChecker>.
    Related source file is "/media/shared/p1/6_BlockChecker/BlockChecker/BlockChecker.v".
    Found 56-bit register for signal <str>.
    Found 32-bit register for signal <status>.
    Found 32-bit register for signal <cnt>.
    Found 32-bit subtractor for signal <status[31]_GND_1_o_sub_13_OUT> created at line 63.
    Found 32-bit adder for signal <cnt[31]_GND_1_o_add_4_OUT> created at line 54.
    Found 32-bit adder for signal <status[31]_GND_1_o_add_10_OUT> created at line 59.
    Found 32-bit comparator greater for signal <n0003> created at line 52
    Summary:
	inferred   2 Adder/Subtractor(s).
	inferred 120 D-type flip-flop(s).
	inferred   1 Comparator(s).
	inferred   2 Multiplexer(s).
Unit <BlockChecker> synthesized.

=========================================================================
HDL Synthesis Report

Macro Statistics
# Adders/Subtractors                                   : 2
 32-bit adder                                          : 1
 32-bit addsub                                         : 1
# Registers                                            : 3
 32-bit register                                       : 2
 56-bit register                                       : 1
# Comparators                                          : 1
 32-bit comparator greater                             : 1
# Multiplexers                                         : 2
 32-bit 2-to-1 multiplexer                             : 1
 56-bit 2-to-1 multiplexer                             : 1

=========================================================================

=========================================================================
*                       Advanced HDL Synthesis                          *
=========================================================================


Synthesizing (advanced) Unit <BlockChecker>.
The following registers are absorbed into counter <status>: 1 register on signal <status>.
The following registers are absorbed into counter <cnt>: 1 register on signal <cnt>.
Unit <BlockChecker> synthesized (advanced).

=========================================================================
Advanced HDL Synthesis Report

Macro Statistics
# Counters                                             : 2
 32-bit up counter                                     : 1
 32-bit updown counter                                 : 1
# Registers                                            : 56
 Flip-Flops                                            : 56
# Comparators                                          : 1
 32-bit comparator greater                             : 1
# Multiplexers                                         : 1
 56-bit 2-to-1 multiplexer                             : 1

=========================================================================

=========================================================================
*                         Low Level Synthesis                           *
=========================================================================

Optimizing unit <BlockChecker> ...
WARNING:Xst:1293 - FF/Latch <cnt_31> has a constant value of 0 in block <BlockChecker>. This FF/Latch will be trimmed during the optimization process.
WARNING:Xst:1896 - Due to other FF/Latch trimming, FF/Latch <cnt_30> has a constant value of 0 in block <BlockChecker>. This FF/Latch will be trimmed during the optimization process.
WARNING:Xst:1896 - Due to other FF/Latch trimming, FF/Latch <cnt_29> has a constant value of 0 in block <BlockChecker>. This FF/Latch will be trimmed during the optimization process.
WARNING:Xst:1896 - Due to other FF/Latch trimming, FF/Latch <cnt_28> has a constant value of 0 in block <BlockChecker>. This FF/Latch will be trimmed during the optimization process.
WARNING:Xst:1896 - Due to other FF/Latch trimming, FF/Latch <cnt_27> has a constant value of 0 in block <BlockChecker>. This FF/Latch will be trimmed during the optimization process.
WARNING:Xst:1896 - Due to other FF/Latch trimming, FF/Latch <cnt_26> has a constant value of 0 in block <BlockChecker>. This FF/Latch will be trimmed during the optimization process.
WARNING:Xst:1896 - Due to other FF/Latch trimming, FF/Latch <cnt_25> has a constant value of 0 in block <BlockChecker>. This FF/Latch will be trimmed during the optimization process.
WARNING:Xst:1896 - Due to other FF/Latch trimming, FF/Latch <cnt_24> has a constant value of 0 in block <BlockChecker>. This FF/Latch will be trimmed during the optimization process.
WARNING:Xst:1896 - Due to other FF/Latch trimming, FF/Latch <cnt_23> has a constant value of 0 in block <BlockChecker>. This FF/Latch will be trimmed during the optimization process.
WARNING:Xst:1896 - Due to other FF/Latch trimming, FF/Latch <cnt_22> has a constant value of 0 in block <BlockChecker>. This FF/Latch will be trimmed during the optimization process.
WARNING:Xst:1896 - Due to other FF/Latch trimming, FF/Latch <cnt_21> has a constant value of 0 in block <BlockChecker>. This FF/Latch will be trimmed during the optimization process.
WARNING:Xst:1896 - Due to other FF/Latch trimming, FF/Latch <cnt_20> has a constant value of 0 in block <BlockChecker>. This FF/Latch will be trimmed during the optimization process.
WARNING:Xst:1896 - Due to other FF/Latch trimming, FF/Latch <cnt_19> has a constant value of 0 in block <BlockChecker>. This FF/Latch will be trimmed during the optimization process.
WARNING:Xst:1896 - Due to other FF/Latch trimming, FF/Latch <cnt_18> has a constant value of 0 in block <BlockChecker>. This FF/Latch will be trimmed during the optimization process.
WARNING:Xst:1896 - Due to other FF/Latch trimming, FF/Latch <cnt_17> has a constant value of 0 in block <BlockChecker>. This FF/Latch will be trimmed during the optimization process.
WARNING:Xst:1896 - Due to other FF/Latch trimming, FF/Latch <cnt_16> has a constant value of 0 in block <BlockChecker>. This FF/Latch will be trimmed during the optimization process.
WARNING:Xst:1896 - Due to other FF/Latch trimming, FF/Latch <cnt_15> has a constant value of 0 in block <BlockChecker>. This FF/Latch will be trimmed during the optimization process.
WARNING:Xst:1896 - Due to other FF/Latch trimming, FF/Latch <cnt_14> has a constant value of 0 in block <BlockChecker>. This FF/Latch will be trimmed during the optimization process.
WARNING:Xst:1896 - Due to other FF/Latch trimming, FF/Latch <cnt_13> has a constant value of 0 in block <BlockChecker>. This FF/Latch will be trimmed during the optimization process.
WARNING:Xst:1896 - Due to other FF/Latch trimming, FF/Latch <cnt_12> has a constant value of 0 in block <BlockChecker>. This FF/Latch will be trimmed during the optimization process.
WARNING:Xst:1896 - Due to other FF/Latch trimming, FF/Latch <cnt_11> has a constant value of 0 in block <BlockChecker>. This FF/Latch will be trimmed during the optimization process.
WARNING:Xst:1896 - Due to other FF/Latch trimming, FF/Latch <cnt_10> has a constant value of 0 in block <BlockChecker>. This FF/Latch will be trimmed during the optimization process.
WARNING:Xst:1896 - Due to other FF/Latch trimming, FF/Latch <cnt_9> has a constant value of 0 in block <BlockChecker>. This FF/Latch will be trimmed during the optimization process.
WARNING:Xst:1896 - Due to other FF/Latch trimming, FF/Latch <cnt_8> has a constant value of 0 in block <BlockChecker>. This FF/Latch will be trimmed during the optimization process.
WARNING:Xst:1896 - Due to other FF/Latch trimming, FF/Latch <cnt_7> has a constant value of 0 in block <BlockChecker>. This FF/Latch will be trimmed during the optimization process.
WARNING:Xst:1896 - Due to other FF/Latch trimming, FF/Latch <cnt_6> has a constant value of 0 in block <BlockChecker>. This FF/Latch will be trimmed during the optimization process.
WARNING:Xst:1896 - Due to other FF/Latch trimming, FF/Latch <cnt_5> has a constant value of 0 in block <BlockChecker>. This FF/Latch will be trimmed during the optimization process.
WARNING:Xst:1896 - Due to other FF/Latch trimming, FF/Latch <cnt_4> has a constant value of 0 in block <BlockChecker>. This FF/Latch will be trimmed during the optimization process.
WARNING:Xst:1896 - Due to other FF/Latch trimming, FF/Latch <cnt_3> has a constant value of 0 in block <BlockChecker>. This FF/Latch will be trimmed during the optimization process.

Mapping all equations...
Building and optimizing final netlist ...
Found area constraint ratio of 100 (+ 5) on block BlockChecker, actual ratio is 0.
FlipFlop str_30 has been replicated 1 time(s)
FlipFlop str_33 has been replicated 1 time(s)

Final Macro Processing ...

=========================================================================
Final Register Report

Macro Statistics
# Registers                                            : 93
 Flip-Flops                                            : 93

=========================================================================

=========================================================================
*                           Partition Report                            *
=========================================================================

Partition Implementation Status
-------------------------------

  No Partitions were found in this design.

-------------------------------

=========================================================================
*                            Design Summary                             *
=========================================================================

Top Level Output File Name         : BlockChecker.ngc

Primitive and Black Box Usage:
------------------------------
# BELS                             : 235
#      GND                         : 1
#      INV                         : 2
#      LUT2                        : 51
#      LUT3                        : 38
#      LUT4                        : 1
#      LUT5                        : 4
#      LUT6                        : 52
#      MUXCY                       : 50
#      VCC                         : 1
#      XORCY                       : 35
# FlipFlops/Latches                : 93
#      FDCE                        : 93
# Clock Buffers                    : 1
#      BUFGP                       : 1
# IO Buffers                       : 10
#      IBUF                        : 9
#      OBUF                        : 1

Device utilization summary:
---------------------------

Selected Device : 6slx100fgg676-2 


Slice Logic Utilization: 
 Number of Slice Registers:              93  out of  126576     0%  
 Number of Slice LUTs:                  148  out of  63288     0%  
    Number used as Logic:               148  out of  63288     0%  

Slice Logic Distribution: 
 Number of LUT Flip Flop pairs used:    154
   Number with an unused Flip Flop:      61  out of    154    39%  
   Number with an unused LUT:             6  out of    154     3%  
   Number of fully used LUT-FF pairs:    87  out of    154    56%  
   Number of unique control sets:         2

IO Utilization: 
 Number of IOs:                          11
 Number of bonded IOBs:                  11  out of    480     2%  

Specific Feature Utilization:
 Number of BUFG/BUFGCTRLs:                1  out of     16     6%  

---------------------------
Partition Resource Summary:
---------------------------

  No Partitions were found in this design.

---------------------------


=========================================================================
Timing Report

NOTE: THESE TIMING NUMBERS ARE ONLY A SYNTHESIS ESTIMATE.
      FOR ACCURATE TIMING INFORMATION PLEASE REFER TO THE TRACE REPORT
      GENERATED AFTER PLACE-and-ROUTE.

Clock Information:
------------------
-----------------------------------+------------------------+-------+
Clock Signal                       | Clock buffer(FF name)  | Load  |
-----------------------------------+------------------------+-------+
clk                                | BUFGP                  | 93    |
-----------------------------------+------------------------+-------+

Asynchronous Control Signals Information:
----------------------------------------
No asynchronous control signals found in this design

Timing Summary:
---------------
Speed Grade: -2

   Minimum period: 6.250ns (Maximum Frequency: 159.988MHz)
   Minimum input arrival time before clock: 6.653ns
   Maximum output required time after clock: 6.984ns
   Maximum combinational path delay: No path found

Timing Details:
---------------
All values displayed in nanoseconds (ns)

=========================================================================
Timing constraint: Default period analysis for Clock 'clk'
  Clock period: 6.250ns (frequency: 159.988MHz)
  Total number of paths / destination ports: 34985 / 178
-------------------------------------------------------------------------
Delay:               6.250ns (Levels of Logic = 42)
  Source:            str_40 (FF)
  Destination:       status_31 (FF)
  Source Clock:      clk rising
  Destination Clock: clk rising

  Data Path: str_40 to status_31
                                Gate     Net
    Cell:in->out      fanout   Delay   Delay  Logical Name (Net Name)
    ----------------------------------------  ------------
     FDCE:C->Q             2   0.525   1.181  str_40 (str_40)
     LUT6:I0->O            1   0.254   0.000  _n0047_inv1_wg_lut<1> (_n0047_inv1_wg_lut<1>)
     MUXCY:S->O            1   0.215   0.000  _n0047_inv1_wg_cy<1> (_n0047_inv1_wg_cy<1>)
     MUXCY:CI->O           1   0.023   0.000  _n0047_inv1_wg_cy<2> (_n0047_inv1_wg_cy<2>)
     MUXCY:CI->O           1   0.023   0.000  _n0047_inv1_wg_cy<3> (_n0047_inv1_wg_cy<3>)
     MUXCY:CI->O           1   0.023   0.000  _n0047_inv1_wg_cy<4> (_n0047_inv1_wg_cy<4>)
     MUXCY:CI->O           1   0.023   0.000  _n0047_inv1_wg_cy<5> (_n0047_inv1_wg_cy<5>)
     MUXCY:CI->O           1   0.023   0.000  _n0047_inv1_wg_cy<6> (_n0047_inv1_wg_cy<6>)
     MUXCY:CI->O          34   0.023   1.553  _n0047_inv1_wg_cy<7> (_n0047_inv1)
     LUT6:I5->O            1   0.254   0.000  Mcount_status_lut<0> (Mcount_status_lut<0>)
     MUXCY:S->O            1   0.215   0.000  Mcount_status_cy<0> (Mcount_status_cy<0>)
     MUXCY:CI->O           1   0.023   0.000  Mcount_status_cy<1> (Mcount_status_cy<1>)
     MUXCY:CI->O           1   0.023   0.000  Mcount_status_cy<2> (Mcount_status_cy<2>)
     MUXCY:CI->O           1   0.023   0.000  Mcount_status_cy<3> (Mcount_status_cy<3>)
     MUXCY:CI->O           1   0.023   0.000  Mcount_status_cy<4> (Mcount_status_cy<4>)
     MUXCY:CI->O           1   0.023   0.000  Mcount_status_cy<5> (Mcount_status_cy<5>)
     MUXCY:CI->O           1   0.023   0.000  Mcount_status_cy<6> (Mcount_status_cy<6>)
     MUXCY:CI->O           1   0.023   0.000  Mcount_status_cy<7> (Mcount_status_cy<7>)
     MUXCY:CI->O           1   0.023   0.000  Mcount_status_cy<8> (Mcount_status_cy<8>)
     MUXCY:CI->O           1   0.023   0.000  Mcount_status_cy<9> (Mcount_status_cy<9>)
     MUXCY:CI->O           1   0.023   0.000  Mcount_status_cy<10> (Mcount_status_cy<10>)
     MUXCY:CI->O           1   0.023   0.000  Mcount_status_cy<11> (Mcount_status_cy<11>)
     MUXCY:CI->O           1   0.023   0.000  Mcount_status_cy<12> (Mcount_status_cy<12>)
     MUXCY:CI->O           1   0.023   0.000  Mcount_status_cy<13> (Mcount_status_cy<13>)
     MUXCY:CI->O           1   0.023   0.000  Mcount_status_cy<14> (Mcount_status_cy<14>)
     MUXCY:CI->O           1   0.023   0.000  Mcount_status_cy<15> (Mcount_status_cy<15>)
     MUXCY:CI->O           1   0.023   0.000  Mcount_status_cy<16> (Mcount_status_cy<16>)
     MUXCY:CI->O           1   0.023   0.000  Mcount_status_cy<17> (Mcount_status_cy<17>)
     MUXCY:CI->O           1   0.023   0.000  Mcount_status_cy<18> (Mcount_status_cy<18>)
     MUXCY:CI->O           1   0.023   0.000  Mcount_status_cy<19> (Mcount_status_cy<19>)
     MUXCY:CI->O           1   0.023   0.000  Mcount_status_cy<20> (Mcount_status_cy<20>)
     MUXCY:CI->O           1   0.023   0.000  Mcount_status_cy<21> (Mcount_status_cy<21>)
     MUXCY:CI->O           1   0.023   0.000  Mcount_status_cy<22> (Mcount_status_cy<22>)
     MUXCY:CI->O           1   0.023   0.000  Mcount_status_cy<23> (Mcount_status_cy<23>)
     MUXCY:CI->O           1   0.023   0.000  Mcount_status_cy<24> (Mcount_status_cy<24>)
     MUXCY:CI->O           1   0.023   0.000  Mcount_status_cy<25> (Mcount_status_cy<25>)
     MUXCY:CI->O           1   0.023   0.000  Mcount_status_cy<26> (Mcount_status_cy<26>)
     MUXCY:CI->O           1   0.023   0.000  Mcount_status_cy<27> (Mcount_status_cy<27>)
     MUXCY:CI->O           1   0.023   0.000  Mcount_status_cy<28> (Mcount_status_cy<28>)
     MUXCY:CI->O           1   0.023   0.000  Mcount_status_cy<29> (Mcount_status_cy<29>)
     MUXCY:CI->O           0   0.023   0.000  Mcount_status_cy<30> (Mcount_status_cy<30>)
     XORCY:CI->O           1   0.206   0.682  Mcount_status_xor<31> (Result<31>)
     LUT3:I2->O            1   0.254   0.000  status_31_dpot (status_31_dpot)
     FDCE:D                    0.074          status_31
    ----------------------------------------
    Total                      6.250ns (2.834ns logic, 3.416ns route)
                                       (45.3% logic, 54.7% route)

=========================================================================
Timing constraint: Default OFFSET IN BEFORE for Clock 'clk'
  Total number of paths / destination ports: 1069 / 215
-------------------------------------------------------------------------
Offset:              6.653ns (Levels of Logic = 4)
  Source:            in<2> (PAD)
  Destination:       str_0 (FF)
  Destination Clock: clk rising

  Data Path: in<2> to str_0
                                Gate     Net
    Cell:in->out      fanout   Delay   Delay  Logical Name (Net Name)
    ----------------------------------------  ------------
     IBUF:I->O             2   1.328   0.954  in_2_IBUF (in_2_IBUF)
     LUT3:I0->O            3   0.235   1.221  in[7]_GND_1_o_equal_3_o<7>_SW0 (N3)
     LUT6:I0->O            1   0.254   0.000  _n0044_inv1_lut (_n0044_inv1_lut)
     MUXCY:S->O           61   0.454   1.905  _n0044_inv1_cy (_n0044_inv)
     FDCE:CE                   0.302          str_0
    ----------------------------------------
    Total                      6.653ns (2.573ns logic, 4.080ns route)
                                       (38.7% logic, 61.3% route)

=========================================================================
Timing constraint: Default OFFSET OUT AFTER for Clock 'clk'
  Total number of paths / destination ports: 32 / 1
-------------------------------------------------------------------------
Offset:              6.984ns (Levels of Logic = 3)
  Source:            status_13 (FF)
  Destination:       result (PAD)
  Source Clock:      clk rising

  Data Path: status_13 to result
                                Gate     Net
    Cell:in->out      fanout   Delay   Delay  Logical Name (Net Name)
    ----------------------------------------  ------------
     FDCE:C->Q             3   0.525   1.221  status_13 (status_13)
     LUT6:I0->O            1   0.254   1.137  status[31]_GND_1_o_equal_1_o<31>1 (status[31]_GND_1_o_equal_1_o<31>)
     LUT6:I0->O            1   0.254   0.681  status[31]_GND_1_o_equal_1_o<31>7 (result_OBUF)
     OBUF:I->O                 2.912          result_OBUF (result)
    ----------------------------------------
    Total                      6.984ns (3.945ns logic, 3.039ns route)
                                       (56.5% logic, 43.5% route)

=========================================================================

Cross Clock Domains Report:
--------------------------

Clock to Setup on destination clock clk
---------------+---------+---------+---------+---------+
               | Src:Rise| Src:Fall| Src:Rise| Src:Fall|
Source Clock   |Dest:Rise|Dest:Rise|Dest:Fall|Dest:Fall|
---------------+---------+---------+---------+---------+
clk            |    6.250|         |         |         |
---------------+---------+---------+---------+---------+

=========================================================================


Total REAL time to Xst completion: 5.00 secs
Total CPU time to Xst completion: 2.89 secs
 
--> 


Total memory usage is 376156 kilobytes

Number of errors   :    0 (   0 filtered)
Number of warnings :   30 (   0 filtered)
Number of infos    :    0 (   0 filtered)

