ISim log file
Running: /media/shared/p1/6_BlockChecker/BlockChecker/BlockCheck_tb_isim_beh.exe -intstyle ise -gui -tclbatch isim.cmd -wdb /media/shared/p1/6_BlockChecker/BlockChecker/BlockCheck_tb_isim_beh.wdb 
ISim P.20131013 (signature 0xfbc00daa)
This is a Full version of ISim.
Time resolution is 1 ps
# onerror resume
# wave add /
# run 1000 ns
Simulator is doing circuit initialization process.
Finished circuit initialization process.
Stopped at time : 300 ns : File "/media/shared/p1/6_BlockChecker/BlockChecker/BlockCheck_tb.v" Line 78
# restart
# run all
Simulator is doing circuit initialization process.
Finished circuit initialization process.
Stopped at time : 300 ns : File "/media/shared/p1/6_BlockChecker/BlockChecker/BlockCheck_tb.v" Line 78
# run 1.00us
# run 1.00us
ISim P.20131013 (signature 0xfbc00daa)
This is a Full version of ISim.
# run 1000 ns
Simulator is doing circuit initialization process.
Finished circuit initialization process.
Stopped at time : 300 ns : File "/media/shared/p1/6_BlockChecker/BlockChecker/BlockCheck_tb.v" Line 78
ISim P.20131013 (signature 0xfbc00daa)
This is a Full version of ISim.
# run 1000 ns
Simulator is doing circuit initialization process.
Finished circuit initialization process.
Stopped at time : 300 ns : File "/media/shared/p1/6_BlockChecker/BlockChecker/BlockCheck_tb.v" Line 78
ISim P.20131013 (signature 0xfbc00daa)
This is a Full version of ISim.
# run 1000 ns
Simulator is doing circuit initialization process.
Finished circuit initialization process.
Stopped at time : 300 ns : File "/media/shared/p1/6_BlockChecker/BlockChecker/BlockCheck_tb.v" Line 78
ISim P.20131013 (signature 0xfbc00daa)
This is a Full version of ISim.
# run 1000 ns
Simulator is doing circuit initialization process.
Finished circuit initialization process.
Stopped at time : 300 ns : File "/media/shared/p1/6_BlockChecker/BlockChecker/BlockCheck_tb.v" Line 78
ISim P.20131013 (signature 0xfbc00daa)
This is a Full version of ISim.
# run 1000 ns
Simulator is doing circuit initialization process.
Finished circuit initialization process.
Stopped at time : 300 ns : File "/media/shared/p1/6_BlockChecker/BlockChecker/BlockCheck_tb.v" Line 79
ISim P.20131013 (signature 0xfbc00daa)
This is a Full version of ISim.
# run 1000 ns
Simulator is doing circuit initialization process.
Finished circuit initialization process.
Stopped at time : 300 ns : File "/media/shared/p1/6_BlockChecker/BlockChecker/BlockCheck_tb.v" Line 79
ISim P.20131013 (signature 0xfbc00daa)
This is a Full version of ISim.
# run 1000 ns
Simulator is doing circuit initialization process.
Finished circuit initialization process.
Stopped at time : 300 ns : File "/media/shared/p1/6_BlockChecker/BlockChecker/BlockCheck_tb.v" Line 80
ISim P.20131013 (signature 0xfbc00daa)
This is a Full version of ISim.
# run 1000 ns
Simulator is doing circuit initialization process.
Finished circuit initialization process.
Stopped at time : 500 ns : File "/media/shared/p1/6_BlockChecker/BlockChecker/BlockCheck_tb.v" Line 90
ISim P.20131013 (signature 0xfbc00daa)
This is a Full version of ISim.
# run 1000 ns
Simulator is doing circuit initialization process.
Finished circuit initialization process.
Stopped at time : 500 ns : File "/media/shared/p1/6_BlockChecker/BlockChecker/BlockCheck_tb.v" Line 99
ISim P.20131013 (signature 0xfbc00daa)
This is a Full version of ISim.
# run 1000 ns
Simulator is doing circuit initialization process.
Finished circuit initialization process.
Stopped at time : 500 ns : File "/media/shared/p1/6_BlockChecker/BlockChecker/BlockCheck_tb.v" Line 100
ISim P.20131013 (signature 0xfbc00daa)
This is a Full version of ISim.
# run 1000 ns
Simulator is doing circuit initialization process.
Finished circuit initialization process.
Stopped at time : 500 ns : File "/media/shared/p1/6_BlockChecker/BlockChecker/BlockCheck_tb.v" Line 95
ISim P.20131013 (signature 0xfbc00daa)
This is a Full version of ISim.
# run 1000 ns
Simulator is doing circuit initialization process.
Finished circuit initialization process.
Stopped at time : 500 ns : File "/media/shared/p1/6_BlockChecker/BlockChecker/BlockCheck_tb.v" Line 100
ISim P.20131013 (signature 0xfbc00daa)
This is a Full version of ISim.
# run 1000 ns
Simulator is doing circuit initialization process.
Finished circuit initialization process.
Stopped at time : 500 ns : File "/media/shared/p1/6_BlockChecker/BlockChecker/BlockCheck_tb.v" Line 100
ISim P.20131013 (signature 0xfbc00daa)
This is a Full version of ISim.
# run 1000 ns
Simulator is doing circuit initialization process.
Finished circuit initialization process.
Stopped at time : 500 ns : File "/media/shared/p1/6_BlockChecker/BlockChecker/BlockCheck_tb.v" Line 101
ISim P.20131013 (signature 0xfbc00daa)
This is a Full version of ISim.
# run 1000 ns
Simulator is doing circuit initialization process.
Finished circuit initialization process.
Stopped at time : 500 ns : File "/media/shared/p1/6_BlockChecker/BlockChecker/BlockCheck_tb.v" Line 101
ISim P.20131013 (signature 0xfbc00daa)
This is a Full version of ISim.
# run 1000 ns
Simulator is doing circuit initialization process.
Finished circuit initialization process.
Stopped at time : 500 ns : File "/media/shared/p1/6_BlockChecker/BlockChecker/BlockCheck_tb.v" Line 100
