ISim log file
Running: /media/shared/co_file/p4/version1/MIPS-CPU/mips_tb_isim_beh.exe -intstyle ise -gui -tclbatch isim.cmd -wdb /media/shared/co_file/p4/version1/MIPS-CPU/mips_tb_isim_beh.wdb 
ISim P.20131013 (signature 0xfbc00daa)
This is a Full version of ISim.
Time resolution is 1 ps
# onerror resume
# wave add /
# run 1000 ns
Simulator is doing circuit initialization process.
Finished circuit initialization process.
@00003000: $29 <= 000022fc
@00003004: $28 <= 00001800
@00003008: $31 <= 00003000
@0000300c: $20 <= e7420000
@00003010: $16 <= 00000d7c
@00003014: $13 <= 00000000
@00003018: $ 0 <= 00000000
@0000301c: $ 0 <= 00000000
@00003020: $ 6 <= 00000d7c
@00003024: $ 0 <= 00000000
@00003028: $ 0 <= 00000000
@0000302c: $ 0 <= 00000000
@00003030: $17 <= 0000016c
@00003034: $18 <= 00000000
@00003038: $ 0 <= 00000000
@0000303c: $17 <= 97f30000
@00003040: $22 <= 000001dc
@00003044: $12 <= 00000000
@00003048: $ 0 <= 00000000
@0000304c: $ 0 <= 00000000
@00003050: $ 0 <= 00000000
@00003054: $24 <= 000001e4
@00003058: $25 <= 00000000
@00003190: $12 <= 00000170
@00003194: $26 <= 00000000
@00003198: $29 <= 000000cc
@0000319c: *000000f0 <= 00000170
@000031a0: $13 <= 00000070
@000031a4: $10 <= 00000000
@000031a8: $ 0 <= 00000000
@000031ac: $24 <= 00000060
@000031b0: *00000074 <= 00000000
@000031b4: $14 <= 00000000
@000031b8: $12 <= 71170000
@000031bc: $ 8 <= 0000223c
@000031c0: $15 <= 00000000
@000031c4: $16 <= 00000014
@000031c8: $ 0 <= 00000000
@000031cc: $ 8 <= 00000000
@000031d0: $ 0 <= 00000000
@000031d4: $10 <= 00000094
@000031d8: *00000098 <= 00000000
@00003200: $11 <= 9a060000
Stopped at time : 500 ns : File "/media/shared/co_file/p4/version1/MIPS-CPU/mips_tb.v" Line 45
ISim P.20131013 (signature 0xfbc00daa)
This is a Full version of ISim.
# run 1000 ns
Simulator is doing circuit initialization process.
Finished circuit initialization process.
@00003000: $29 <= 000022fc
@00003004: $28 <= 00001800
@00003008: $31 <= 00003000
@0000300c: $20 <= e7420000
@00003010: $16 <= 00000d7c
@00003014: $13 <= 00000000
@00003018: $ 0 <= 00000000
@0000301c: $ 0 <= 00000000
@00003020: $ 6 <= 00000d7c
@00003024: $ 0 <= 00000000
@00003028: $ 0 <= 00000000
@0000302c: $ 0 <= 00000000
@00003030: $17 <= 0000016c
@00003034: $18 <= 00000000
@00003038: $ 0 <= 00000000
@0000303c: $17 <= 97f30000
@00003040: $22 <= 000001dc
@00003044: $12 <= 00000000
@00003048: $ 0 <= 00000000
@0000304c: $ 0 <= 00000000
@00003050: $ 0 <= 00000000
@00003054: $24 <= 000001e4
@00003058: $25 <= 00000000
@00003190: $12 <= 00000170
@00003194: $26 <= 00000000
@00003198: $29 <= 000000cc
@0000319c: *000000f0 <= 00000170
@000031a0: $13 <= 00000070
@000031a4: $10 <= 00000000
@000031a8: $ 0 <= 00000000
@000031ac: $24 <= 00000060
@000031b0: *00000074 <= 00000000
@000031b4: $14 <= 00000000
@000031b8: $12 <= 71170000
@000031bc: $ 8 <= 0000223c
@000031c0: $15 <= 00000000
@000031c4: $16 <= 00000014
@000031c8: $ 0 <= 00000000
@000031cc: $ 8 <= 00000000
@000031d0: $ 0 <= 00000000
@000031d4: $10 <= 00000094
@000031d8: *00000098 <= 00000000
@00003200: $11 <= 9a060000
Stopped at time : 500 ns : File "/media/shared/co_file/p4/version1/MIPS-CPU/mips_tb.v" Line 45
ISim P.20131013 (signature 0xfbc00daa)
This is a Full version of ISim.
# run 1000 ns
Simulator is doing circuit initialization process.
Finished circuit initialization process.
@00003000: $29 <= 000022fc
@00003004: $28 <= 00001800
@00003008: $31 <= 00003000
@0000300c: $20 <= e7420000
@00003010: $16 <= 00000d7c
@00003014: $13 <= 00000000
@00003018: $ 0 <= 00000000
@0000301c: $ 0 <= 00000000
@00003020: $ 6 <= 00000d7c
@00003024: $ 0 <= 00000000
@00003028: $ 0 <= 00000000
@0000302c: $ 0 <= 00000000
@00003030: $17 <= 0000016c
@00003034: $18 <= 00000000
@00003038: $ 0 <= 00000000
@0000303c: $17 <= 97f30000
@00003040: $22 <= 000001dc
@00003044: $12 <= 00000000
@00003048: $ 0 <= 00000000
@0000304c: $ 0 <= 00000000
@00003050: $ 0 <= 00000000
@00003054: $24 <= 000001e4
@00003058: $25 <= 00000000
@00003190: $12 <= 00000170
@00003194: $26 <= 00000000
@00003198: $29 <= 000000cc
@0000319c: *000000f0 <= 00000170
@000031a0: $13 <= 00000070
@000031a4: $10 <= 00000000
@000031a8: $ 0 <= 00000000
@000031ac: $24 <= 00000060
@000031b0: *00000074 <= 00000000
@000031b4: $14 <= 00000000
@000031b8: $12 <= 71170000
@000031bc: $ 8 <= 0000223c
@000031c0: $15 <= 00000000
@000031c4: $16 <= 00000014
@000031c8: $ 0 <= 00000000
@000031cc: $ 8 <= 00000000
@000031d0: $ 0 <= 00000000
@000031d4: $10 <= 00000094
@000031d8: *00000098 <= 00000000
@00003200: $11 <= 9a060000
Stopped at time : 500 ns : File "/media/shared/co_file/p4/version1/MIPS-CPU/mips_tb.v" Line 45
ISim P.20131013 (signature 0xfbc00daa)
This is a Full version of ISim.
# run 1000 ns
Simulator is doing circuit initialization process.
Finished circuit initialization process.
@00003000: $29 <= 000022fc
@00003004: $28 <= 00001800
@00003008: $31 <= 00003000
@0000300c: $17 <= 00000060
@00003010: $27 <= 00000000
@00003014: $15 <= a6a90000
@000031b0: $18 <= 0b170000
@000031b4: $31 <= 000031b8
@000031e8: $ 0 <= 00000000
@000031ec: $12 <= 00000180
@000031f0: $ 0 <= 00000000
@000031f4: $22 <= ee2c0000
@000031f8: $ 0 <= 00000000
@000031fc: $ 0 <= 00000000
@00003200: $ 0 <= 00000000
@00003204: $ 0 <= 00000000
Stopped at time : 500 ns : File "/media/shared/co_file/p4/version1/MIPS-CPU/mips_tb.v" Line 45
ISim P.20131013 (signature 0xfbc00daa)
This is a Full version of ISim.
# run 1000 ns
Simulator is doing circuit initialization process.
Finished circuit initialization process.
@00003000: $29 <= 000022fc
@00003004: $28 <= 00001800
@00003008: $31 <= 00003000
@0000300c: $26 <= 00000000
@00003010: $31 <= 00003014
@00003210: $16 <= 00000000
@00003214: $ 0 <= 00000000
Stopped at time : 500 ns : File "/media/shared/co_file/p4/version1/MIPS-CPU/mips_tb.v" Line 45
ISim P.20131013 (signature 0xfbc00daa)
This is a Full version of ISim.
# run 1000 ns
Simulator is doing circuit initialization process.
Finished circuit initialization process.
@00003000: $29 <= 000022fc
@00003004: $28 <= 00001800
@00003008: $31 <= 00003000
@0000300c: $ 6 <= 00000000
@00003010: $28 <= 00000000
@00003014: $16 <= 0000c912
@00003018: $25 <= ffffdd04
@000030d4: $31 <= 000030d8
@00003144: $25 <= 00000000
@00003148: $31 <= 0000314c
@00003164: $ 6 <= 000001b0
@00003168: *000001c0 <= 00000000
@0000316c: $31 <= 00003170
@000031d4: $ 4 <= 00000180
@000031d8: *00000188 <= 00000000
@000031dc: $ 0 <= 00000000
@000031e0: $16 <= 00000094
@000031e4: $ 1 <= 00000000
@00003200: $ 2 <= 12ff0000
Stopped at time : 500 ns : File "/media/shared/co_file/p4/version1/MIPS-CPU/mips_tb.v" Line 45
ISim P.20131013 (signature 0xfbc00daa)
This is a Full version of ISim.
# run 1000 ns
Simulator is doing circuit initialization process.
Finished circuit initialization process.
@00003000: $29 <= 000022fc
@00003004: $28 <= 00001800
@00003008: $31 <= 00003000
@0000300c: $11 <= 00000008
@00003010: $24 <= 00000000
@00003014: $15 <= 00000064
@00003018: *00000064 <= 00000000
@0000301c: $ 9 <= 00000092
@00003024: $ 3 <= 0000007c
@00003028: *00000094 <= 00001800
@0000302c: $25 <= 00000000
@00003030: $ 0 <= 00000000
@00003034: $ 0 <= 00000000
@00003038: $10 <= 00000086
@0000303c: $13 <= 00000000
@00003104: $ 0 <= 00000000
@00003108: $31 <= 0000310c
@000031b8: $31 <= 000031bc
@000031ec: $29 <= 00000034
@000031f0: $ 1 <= 00000000
@000031f4: $22 <= 00000180
@000031f8: *00000198 <= 00000000
@000031fc: $ 1 <= 000000e0
@00003200: *000000f4 <= 00000000
@00003204: $31 <= 00003208
@0000322c: $27 <= 0000861c
Stopped at time : 500 ns : File "/media/shared/co_file/p4/version1/MIPS-CPU/mips_tb.v" Line 45
ISim P.20131013 (signature 0xfbc00daa)
This is a Full version of ISim.
# run 1000 ns
Simulator is doing circuit initialization process.
Finished circuit initialization process.
@00003000: $29 <= 000022fc
@00003004: $28 <= 00001800
@00003008: $31 <= 00003000
@0000300c: $11 <= 00000008
@00003010: $24 <= 00000000
@00003014: $15 <= 00000064
@00003018: *00000064 <= 00000000
@0000301c: $ 9 <= 00000092
@00003024: $ 3 <= 0000007c
@00003028: *00000094 <= 00001800
@0000302c: $25 <= 00000000
@00003030: $ 0 <= 00000000
@00003034: $ 0 <= 00000000
@00003038: $10 <= 00000086
@0000303c: $13 <= 00000000
@00003104: $ 0 <= 00000000
@00003108: $31 <= 0000310c
@000031b8: $31 <= 000031bc
@000031ec: $29 <= 00000034
@000031f0: $ 1 <= 00000000
@000031f4: $22 <= 00000180
@000031f8: *00000198 <= 00000000
@000031fc: $ 1 <= 000000e0
@00003200: *000000f4 <= 00000000
@00003204: $31 <= 00003208
@0000322c: $27 <= 0000861c
Stopped at time : 500 ns : File "/media/shared/co_file/p4/version1/MIPS-CPU/mips_tb.v" Line 45
ISim P.20131013 (signature 0xfbc00daa)
This is a Full version of ISim.
# run 1000 ns
Simulator is doing circuit initialization process.
Finished circuit initialization process.
@00003000: $29 <= 000022fc
@00003004: $28 <= 00001800
@00003008: $31 <= 00003000
@0000300c: $11 <= 00000008
@00003010: $24 <= 00000000
@00003014: $15 <= 00000064
@00003018: *00000064 <= 00000000
@0000301c: $ 9 <= 00000092
@00003024: $ 3 <= 0000007c
@00003028: *00000094 <= 00001800
@0000302c: $25 <= 00000000
@00003030: $ 0 <= 00000000
@00003034: $ 0 <= 00000000
@00003038: $10 <= 00000086
@0000303c: $13 <= 00000000
@00003104: $ 0 <= 00000000
@00003108: $31 <= 0000310c
@000031b8: $31 <= 000031bc
@000031ec: $29 <= 00000034
@000031f0: $ 1 <= 00000000
@000031f4: $22 <= 00000180
@000031f8: *00000198 <= 00000000
@000031fc: $ 1 <= 000000e0
@00003200: *000000f4 <= 00000000
@00003204: $31 <= 00003208
@0000322c: $27 <= 0000861c
Stopped at time : 500 ns : File "/media/shared/co_file/p4/version1/MIPS-CPU/mips_tb.v" Line 45
# exit 0
