Running: /opt/Xilinx/14.7/ISE_DS/ISE/bin/lin64/unwrapped/fuse -relaunch -intstyle "ise" -incremental -lib "unisims_ver" -lib "unimacro_ver" -lib "xilinxcorelib_ver" -lib "secureip" -o "/media/shared/p1/5_expr/expr/expr_tb_isim_beh.exe" -prj "/media/shared/p1/5_expr/expr/expr_tb_beh.prj" "work.expr_tb" "work.glbl" 
ISim P.20131013 (signature 0xfbc00daa)
Number of CPUs detected in this system: 1
Turning on mult-threading, number of parallel sub-compilation jobs: 0 
Determining compilation order of HDL files
Analyzing Verilog file "/media/shared/p1/5_expr/expr/expr.v" into library work
Analyzing Verilog file "/media/shared/p1/5_expr/expr/expr_tb.v" into library work
Analyzing Verilog file "/opt/Xilinx/14.7/ISE_DS/ISE//verilog/src/glbl.v" into library work
Starting static elaboration
Completed static elaboration
Fuse Memory Usage: 82700 KB
Fuse CPU Usage: 370 ms
Compiling module expr
Compiling module expr_tb
Compiling module glbl
Time Resolution for simulation is 1ps.
Compiled 3 Verilog Units
Built simulation executable /media/shared/p1/5_expr/expr/expr_tb_isim_beh.exe
Fuse Memory Usage: 85872 KB
Fuse CPU Usage: 370 ms
GCC CPU Usage: 110 ms
